<?xml version="1.0" encoding="UTF-8"?>
<!-- Generated by org.testng.reporters.JUnitReportReporter -->
<testsuite skipped="0" hostname="prasad" name="testPackage.PendingYear" tests="2" failures="0" timestamp="02 Jul 2018 07:00:54 GMT" time="61.869" errors="0">
  <testcase name="PenRegion" time="38.733" classname="testPackage.PendingYear"/>
  <testcase name="startApp" time="23.136" classname="testPackage.PendingYear"/>
</testsuite> <!-- testPackage.PendingYear -->
