<?xml version="1.0" encoding="UTF-8"?>
<!-- Generated by org.testng.reporters.JUnitReportReporter -->
<testsuite skipped="0" hostname="prasad" name="testPackage.DisposedYear" tests="2" failures="0" timestamp="08 Aug 2018 12:16:01 GMT" time="39.269" errors="0">
  <testcase name="PenRegion" time="17.298" classname="testPackage.DisposedYear"/>
  <testcase name="startApp" time="21.971" classname="testPackage.DisposedYear"/>
</testsuite> <!-- testPackage.DisposedYear -->
