<?xml version="1.0" encoding="UTF-8"?>
<!-- Generated by org.testng.reporters.JUnitReportReporter -->
<testsuite skipped="0" hostname="prasad" name="testPackage.Filter2CourtType" tests="2" failures="0" timestamp="02 Jul 2018 07:00:54 GMT" time="31.086" errors="0">
  <testcase name="NatDeb" time="8.838" classname="testPackage.Filter2CourtType"/>
  <testcase name="startApp" time="22.248" classname="testPackage.Filter2CourtType"/>
</testsuite> <!-- testPackage.Filter2CourtType -->
