<?xml version="1.0" encoding="UTF-8"?>
<!-- Generated by org.testng.reporters.JUnitReportReporter -->
<testsuite skipped="0" hostname="prasad" name="testPackage.Aggregate" tests="2" failures="0" timestamp="02 Jul 2018 07:00:54 GMT" time="40.002" errors="0">
  <testcase name="startApp" time="22.745" classname="testPackage.Aggregate"/>
  <testcase name="CaseStatusSingle" time="17.257" classname="testPackage.Aggregate"/>
</testsuite> <!-- testPackage.Aggregate -->
