<?xml version="1.0" encoding="UTF-8"?>
<!-- Generated by org.testng.reporters.JUnitReportReporter -->
<testsuite skipped="0" hostname="prasad" name="testPackage.IndividualSingleCourtType" tests="2" failures="0" timestamp="02 Jul 2018 07:00:54 GMT" time="56.110" errors="0">
  <testcase name="startApp" time="25.888" classname="testPackage.IndividualSingleCourtType"/>
  <testcase name="CaseStatusSingle" time="30.222" classname="testPackage.IndividualSingleCourtType"/>
</testsuite> <!-- testPackage.IndividualSingleCourtType -->
