<?xml version="1.0" encoding="UTF-8"?>
<!-- Generated by org.testng.reporters.JUnitReportReporter -->
<testsuite skipped="0" hostname="prasad" name="testPackage.A" tests="2" failures="0" timestamp="29 Jun 2018 11:32:31 GMT" time="72.337" errors="0">
  <testcase name="PenRegion" time="49.204" classname="testPackage.A"/>
  <testcase name="startApp" time="23.133" classname="testPackage.A"/>
</testsuite> <!-- testPackage.A -->
