<?xml version="1.0" encoding="UTF-8"?>
<!-- Generated by org.testng.reporters.JUnitReportReporter -->
<testsuite skipped="0" hostname="prasad" name="testPackage.Account" tests="2" failures="0" timestamp="07 Aug 2018 05:46:41 GMT" time="41.143" errors="0">
  <testcase name="startApp" time="11.713" classname="testPackage.Account"/>
  <testcase name="account" time="29.430" classname="testPackage.Account"/>
</testsuite> <!-- testPackage.Account -->
