<?xml version="1.0" encoding="UTF-8"?>
<!-- Generated by org.testng.reporters.JUnitReportReporter -->
<testsuite skipped="0" hostname="prasad" name="testPackage.IndividualFilter2CaseStatus" tests="2" failures="0" timestamp="07 Aug 2018 05:46:41 GMT" time="46.362" errors="0">
  <testcase name="startApp" time="33.885" classname="testPackage.IndividualFilter2CaseStatus"/>
  <testcase name="PendDis" time="12.477" classname="testPackage.IndividualFilter2CaseStatus"/>
</testsuite> <!-- testPackage.IndividualFilter2CaseStatus -->
