<?xml version="1.0" encoding="UTF-8"?>
<!-- Generated by org.testng.reporters.JUnitReportReporter -->
<testsuite skipped="0" hostname="prasad" name="testPackage.FilterSingle" tests="5" failures="0" timestamp="07 Aug 2018 05:46:41 GMT" time="51.109" errors="0">
  <testcase name="CaseStatusSingle" time="9.518" classname="testPackage.FilterSingle"/>
  <testcase name="Karnataka" time="0.001" classname="testPackage.FilterSingle"/>
  <testcase name="startApp" time="24.969" classname="testPackage.FilterSingle"/>
  <testcase name="Disposed" time="7.004" classname="testPackage.FilterSingle"/>
  <testcase name="NotKnown" time="9.617" classname="testPackage.FilterSingle"/>
</testsuite> <!-- testPackage.FilterSingle -->
