<?xml version="1.0" encoding="UTF-8"?>
<!-- Generated by org.testng.reporters.JUnitReportReporter -->
<testsuite skipped="0" hostname="prasad" name="testPackage.IndividualSingleRegion" tests="2" failures="0" timestamp="02 Jul 2018 07:00:54 GMT" time="94.502" errors="0">
  <testcase name="CaseStatusSingle" time="68.361" classname="testPackage.IndividualSingleRegion"/>
  <testcase name="startApp" time="26.141" classname="testPackage.IndividualSingleRegion"/>
</testsuite> <!-- testPackage.IndividualSingleRegion -->
