<?xml version="1.0" encoding="UTF-8"?>
<!-- Generated by org.testng.reporters.JUnitReportReporter -->
<testsuite skipped="0" hostname="prasad" name="testPackage.ADisposed" tests="2" failures="0" timestamp="29 Jun 2018 11:37:21 GMT" time="71.178" errors="0">
  <testcase name="PenRegion" time="49.202" classname="testPackage.ADisposed"/>
  <testcase name="startApp" time="21.976" classname="testPackage.ADisposed"/>
</testsuite> <!-- testPackage.ADisposed -->
