<?xml version="1.0" encoding="UTF-8"?>
<!-- Generated by org.testng.reporters.JUnitReportReporter -->
<testsuite skipped="0" hostname="prasad" name="testPackage.Filter2Year" tests="2" failures="0" timestamp="02 Jul 2018 07:00:54 GMT" time="31.160" errors="0">
  <testcase name="startApp" time="22.348" classname="testPackage.Filter2Year"/>
  <testcase name="Year1718" time="8.812" classname="testPackage.Filter2Year"/>
</testsuite> <!-- testPackage.Filter2Year -->
