<?xml version="1.0" encoding="UTF-8"?>
<!-- Generated by org.testng.reporters.JUnitReportReporter -->
<testsuite skipped="0" hostname="prasad" name="testPackage.IndividualSingleYear" tests="2" failures="0" timestamp="02 Jul 2018 07:00:54 GMT" time="68.487" errors="0">
  <testcase name="startApp" time="25.561" classname="testPackage.IndividualSingleYear"/>
  <testcase name="CaseStatusSingle" time="42.926" classname="testPackage.IndividualSingleYear"/>
</testsuite> <!-- testPackage.IndividualSingleYear -->
