<?xml version="1.0" encoding="UTF-8"?>
<!-- Generated by org.testng.reporters.JUnitReportReporter -->
<testsuite skipped="0" hostname="prasad" name="testPackage.PendingCourt" tests="2" failures="0" timestamp="02 Jul 2018 07:00:54 GMT" time="71.084" errors="0">
  <testcase name="PenRegion" time="48.929" classname="testPackage.PendingCourt"/>
  <testcase name="startApp" time="22.155" classname="testPackage.PendingCourt"/>
</testsuite> <!-- testPackage.PendingCourt -->
