<?xml version="1.0" encoding="UTF-8"?>
<!-- Generated by org.testng.reporters.JUnitReportReporter -->
<testsuite skipped="0" hostname="prasad" name="testPackage.Filter2" tests="2" failures="0" timestamp="02 Jul 2018 07:00:54 GMT" time="33.035" errors="0">
  <testcase name="PendDis" time="11.014" classname="testPackage.Filter2"/>
  <testcase name="startApp" time="22.021" classname="testPackage.Filter2"/>
</testsuite> <!-- testPackage.Filter2 -->
