<?xml version="1.0" encoding="UTF-8"?>
<!-- Generated by org.testng.reporters.JUnitReportReporter -->
<testsuite skipped="0" hostname="prasad" name="testPackage.Individual" tests="1" failures="0" timestamp="28 Jun 2018 06:02:02 GMT" time="102.780" errors="0">
  <testcase name="startApp" time="102.780" classname="testPackage.Individual"/>
</testsuite> <!-- testPackage.Individual -->
