<?xml version="1.0" encoding="UTF-8"?>
<!-- Generated by org.testng.reporters.JUnitReportReporter -->
<testsuite skipped="0" hostname="prasad" name="testPackage.CompanyCourtTypeSingle" tests="1" failures="0" timestamp="28 Jun 2018 04:38:47 GMT" time="43.991" errors="0">
  <testcase name="startApp" time="43.991" classname="testPackage.CompanyCourtTypeSingle"/>
</testsuite> <!-- testPackage.CompanyCourtTypeSingle -->
