<?xml version="1.0" encoding="UTF-8"?>
<!-- Generated by org.testng.reporters.JUnitReportReporter -->
<testsuite skipped="0" hostname="prasad" name="testPackage.IndividualFilter2Region" tests="2" failures="0" timestamp="07 Aug 2018 05:46:41 GMT" time="43.444" errors="0">
  <testcase name="PendDis" time="12.231" classname="testPackage.IndividualFilter2Region"/>
  <testcase name="startApp" time="31.213" classname="testPackage.IndividualFilter2Region"/>
</testsuite> <!-- testPackage.IndividualFilter2Region -->
