<?xml version="1.0" encoding="UTF-8"?>
<!-- Generated by org.testng.reporters.JUnitReportReporter -->
<testsuite skipped="0" hostname="prasad" name="testPackage.IndividualFilter2Year" tests="2" failures="0" timestamp="07 Aug 2018 05:46:41 GMT" time="42.374" errors="0">
  <testcase name="Year1718" time="10.136" classname="testPackage.IndividualFilter2Year"/>
  <testcase name="startApp" time="32.238" classname="testPackage.IndividualFilter2Year"/>
</testsuite> <!-- testPackage.IndividualFilter2Year -->
