<?xml version="1.0" encoding="UTF-8"?>
<!-- Generated by org.testng.reporters.JUnitReportReporter -->
<testsuite skipped="0" hostname="prasad" name="testPackage.IndividualDisposedYear" tests="2" failures="0" timestamp="02 Jul 2018 07:00:54 GMT" time="74.841" errors="0">
  <testcase name="startApp" time="25.971" classname="testPackage.IndividualDisposedYear"/>
  <testcase name="PenRegion" time="48.870" classname="testPackage.IndividualDisposedYear"/>
</testsuite> <!-- testPackage.IndividualDisposedYear -->
