<?xml version="1.0" encoding="UTF-8"?>
<!-- Generated by org.testng.reporters.JUnitReportReporter -->
<testsuite skipped="0" hostname="prasad" name="testPackage.CaseStatus2" tests="2" failures="0" timestamp="28 Jun 2018 17:28:48 GMT" time="50.144" errors="0">
  <testcase name="startApp" time="26.051" classname="testPackage.CaseStatus2"/>
  <testcase name="CaseStatusSingle" time="24.093" classname="testPackage.CaseStatus2"/>
</testsuite> <!-- testPackage.CaseStatus2 -->
