<?xml version="1.0" encoding="UTF-8"?>
<!-- Generated by org.testng.reporters.JUnitReportReporter -->
<testsuite skipped="0" hostname="prasad" name="testPackage.IndividualFilter2CourtType" tests="2" failures="0" timestamp="07 Aug 2018 05:46:41 GMT" time="41.418" errors="0">
  <testcase name="startApp" time="31.667" classname="testPackage.IndividualFilter2CourtType"/>
  <testcase name="NatDeb" time="9.751" classname="testPackage.IndividualFilter2CourtType"/>
</testsuite> <!-- testPackage.IndividualFilter2CourtType -->
