<?xml version="1.0" encoding="UTF-8"?>
<!-- Generated by org.testng.reporters.JUnitReportReporter -->
<testsuite skipped="0" hostname="prasad" name="testPackage.DisposedCourt" tests="2" failures="0" timestamp="02 Jul 2018 07:00:54 GMT" time="70.791" errors="0">
  <testcase name="PenRegion" time="48.893" classname="testPackage.DisposedCourt"/>
  <testcase name="startApp" time="21.898" classname="testPackage.DisposedCourt"/>
</testsuite> <!-- testPackage.DisposedCourt -->
