<?xml version="1.0" encoding="UTF-8"?>
<!-- Generated by org.testng.reporters.JUnitReportReporter -->
<testsuite skipped="0" hostname="prasad" name="testPackage.Aksh" tests="2" failures="0" timestamp="28 Jun 2018 12:18:13 GMT" time="35.485" errors="0">
  <testcase name="CaseStatusSingle" time="13.330" classname="testPackage.Aksh"/>
  <testcase name="startApp" time="22.155" classname="testPackage.Aksh"/>
</testsuite> <!-- testPackage.Aksh -->
