<?xml version="1.0" encoding="UTF-8"?>
<!-- Generated by org.testng.reporters.JUnitReportReporter -->
<testsuite skipped="0" hostname="prasad" name="testPackage.TextSearch" tests="3" failures="0" timestamp="07 Aug 2018 05:46:41 GMT" time="38.640" errors="0">
  <testcase name="PartialTextSearch" time="13.758" classname="testPackage.TextSearch"/>
  <testcase name="ExactTextSearch" time="12.302" classname="testPackage.TextSearch"/>
  <testcase name="startApp" time="12.580" classname="testPackage.TextSearch"/>
</testsuite> <!-- testPackage.TextSearch -->
