<?xml version="1.0" encoding="UTF-8"?>
<!-- Generated by org.testng.reporters.JUnitReportReporter -->
<testsuite skipped="0" hostname="prasad" name="testPackage.CompnayCourtSingle" tests="1" failures="0" timestamp="28 Jun 2018 04:56:51 GMT" time="44.981" errors="0">
  <testcase name="startApp" time="44.981" classname="testPackage.CompnayCourtSingle"/>
</testsuite> <!-- testPackage.CompnayCourtSingle -->
