<?xml version="1.0" encoding="UTF-8"?>
<!-- Generated by org.testng.reporters.JUnitReportReporter -->
<testsuite skipped="0" hostname="prasad" name="testPackage.AggCourtType" tests="1" failures="0" timestamp="02 Jul 2018 07:00:54 GMT" time="43.463" errors="0">
  <testcase name="startApp" time="43.463" classname="testPackage.AggCourtType"/>
</testsuite> <!-- testPackage.AggCourtType -->
