<?xml version="1.0" encoding="UTF-8"?>
<!-- Generated by org.testng.reporters.JUnitReportReporter -->
<testsuite skipped="0" hostname="prasad" name="testPackage.Company" tests="2" failures="0" timestamp="28 Jun 2018 09:05:00 GMT" time="39.561" errors="0">
  <testcase name="CaseStatusSingle" time="17.201" classname="testPackage.Company"/>
  <testcase name="startApp" time="22.360" classname="testPackage.Company"/>
</testsuite> <!-- testPackage.Company -->
