<?xml version="1.0" encoding="UTF-8"?>
<!-- Generated by org.testng.reporters.JUnitReportReporter -->
<testsuite skipped="0" hostname="prasad" name="testPackage.AggRegion" tests="1" failures="0" timestamp="02 Jul 2018 07:00:54 GMT" time="52.146" errors="0">
  <testcase name="startApp" time="52.146" classname="testPackage.AggRegion"/>
</testsuite> <!-- testPackage.AggRegion -->
