<?xml version="1.0" encoding="UTF-8"?>
<!-- Generated by org.testng.reporters.JUnitReportReporter -->
<testsuite skipped="0" hostname="prasad" name="testPackage.Filter2Region" tests="2" failures="0" timestamp="02 Jul 2018 07:00:54 GMT" time="33.018" errors="0">
  <testcase name="startApp" time="22.121" classname="testPackage.Filter2Region"/>
  <testcase name="KarKer" time="10.897" classname="testPackage.Filter2Region"/>
</testsuite> <!-- testPackage.Filter2Region -->
