<?xml version="1.0" encoding="UTF-8"?>
<!-- Generated by org.testng.reporters.JUnitReportReporter -->
<testsuite skipped="0" hostname="prasad" name="testPackage.SearchCaseNo" tests="1" failures="0" timestamp="29 Jun 2018 12:55:01 GMT" time="22.958" errors="0">
  <testcase name="startApp" time="22.958" classname="testPackage.SearchCaseNo"/>
</testsuite> <!-- testPackage.SearchCaseNo -->
