<?xml version="1.0" encoding="UTF-8"?>
<!-- Generated by org.testng.reporters.JUnitReportReporter -->
<testsuite skipped="0" hostname="prasad" name="testPackage.IndividualSingleCaseStatus" tests="4" failures="0" timestamp="29 Jun 2018 13:51:05 GMT" time="50.331" errors="0">
  <testcase name="Disposed" time="6.510" classname="testPackage.IndividualSingleCaseStatus"/>
  <testcase name="NotKnown" time="8.624" classname="testPackage.IndividualSingleCaseStatus"/>
  <testcase name="CaseStatusSingle" time="8.784" classname="testPackage.IndividualSingleCaseStatus"/>
  <testcase name="startApp" time="26.413" classname="testPackage.IndividualSingleCaseStatus"/>
</testsuite> <!-- testPackage.IndividualSingleCaseStatus -->
