<?xml version="1.0" encoding="UTF-8"?>
<!-- Generated by org.testng.reporters.JUnitReportReporter -->
<testsuite skipped="0" hostname="prasad" name="testPackage.CompanyYearSingle" tests="1" failures="0" timestamp="28 Jun 2018 04:56:51 GMT" time="43.846" errors="0">
  <testcase name="startApp" time="43.846" classname="testPackage.CompanyYearSingle"/>
</testsuite> <!-- testPackage.CompanyYearSingle -->
