<?xml version="1.0" encoding="UTF-8"?>
<!-- Generated by org.testng.reporters.JUnitReportReporter -->
<testsuite skipped="0" hostname="prasad" name="testPackage.IndividualAggCourtType" tests="1" failures="0" timestamp="07 Aug 2018 05:46:41 GMT" time="49.978" errors="0">
  <testcase name="startApp" time="49.978" classname="testPackage.IndividualAggCourtType"/>
</testsuite> <!-- testPackage.IndividualAggCourtType -->
