<?xml version="1.0" encoding="UTF-8"?>
<!-- Generated by org.testng.reporters.JUnitReportReporter -->
<testsuite skipped="0" hostname="prasad" name="testPackage.PenKerela" tests="2" failures="0" timestamp="29 Jun 2018 10:49:22 GMT" time="36.823" errors="0">
  <testcase name="PenKerela" time="14.960" classname="testPackage.PenKerela"/>
  <testcase name="startApp" time="21.863" classname="testPackage.PenKerela"/>
</testsuite> <!-- testPackage.PenKerela -->
