<?xml version="1.0" encoding="UTF-8"?>
<!-- Generated by org.testng.reporters.JUnitReportReporter -->
<testsuite skipped="0" hostname="prasad" name="testPackage.Dem" tests="2" failures="0" timestamp="29 Jun 2018 10:44:35 GMT" time="29.536" errors="0">
  <testcase name="PendRegion" time="7.007" classname="testPackage.Dem"/>
  <testcase name="startApp" time="22.529" classname="testPackage.Dem"/>
</testsuite> <!-- testPackage.Dem -->
