<?xml version="1.0" encoding="UTF-8"?>
<!-- Generated by org.testng.reporters.JUnitReportReporter -->
<testsuite skipped="0" hostname="prasad" name="testPackage.CompanyRegionSingle" tests="1" failures="0" timestamp="28 Jun 2018 09:06:29 GMT" time="52.372" errors="0">
  <testcase name="startApp" time="52.372" classname="testPackage.CompanyRegionSingle"/>
</testsuite> <!-- testPackage.CompanyRegionSingle -->
