<?xml version="1.0" encoding="UTF-8"?>
<!-- Generated by org.testng.reporters.JUnitReportReporter -->
<testsuite skipped="0" hostname="prasad" name="testPackage.DisposedRegion" tests="2" failures="0" timestamp="08 Aug 2018 12:12:31 GMT" time="71.277" errors="0">
  <testcase name="startApp" time="22.414" classname="testPackage.DisposedRegion"/>
  <testcase name="PenRegion" time="48.863" classname="testPackage.DisposedRegion"/>
</testsuite> <!-- testPackage.DisposedRegion -->
