<?xml version="1.0" encoding="UTF-8"?>
<!-- Generated by org.testng.reporters.JUnitReportReporter -->
<testsuite skipped="0" hostname="prasad" name="testPackage.Filter2Court" tests="2" failures="0" timestamp="02 Jul 2018 07:00:54 GMT" time="30.653" errors="0">
  <testcase name="NatDeb" time="8.706" classname="testPackage.Filter2Court"/>
  <testcase name="startApp" time="21.947" classname="testPackage.Filter2Court"/>
</testsuite> <!-- testPackage.Filter2Court -->
